# JRE version: Java(TM) SE Runtime Environment (8.0_131-b11) (build 1.8.0_131-b11)
# Java VM: Java HotSpot(TM) 64-Bit Server VM (25.131-b11 mixed mode windows-amd64 compressed oops)
Heap:
 PSYoungGen      total 177664K, used 114568K [0x00000000eb600000, 0x00000000fbc80000, 0x0000000100000000)
  eden space 125440K, 62% used [0x00000000eb600000,0x00000000f021d610,0x00000000f3080000)
  from space 52224K, 70% used [0x00000000f3080000,0x00000000f54449f0,0x00000000f6380000)
  to   space 54784K, 0% used [0x00000000f8700000,0x00000000f8700000,0x00000000fbc80000)
 ParOldGen       total 126976K, used 80435K [0x00000000c2200000, 0x00000000c9e00000, 0x00000000eb600000)
  object space 126976K, 63% used [0x00000000c2200000,0x00000000c708cfd0,0x00000000c9e00000)
 Metaspace       used 6818K, capacity 7416K, committed 7680K, reserved 1056768K
  class space    used 650K, capacity 688K, committed 768K, reserved 1048576K
GC Heap History (10 events):
Event: 7.273 GC heap before
{Heap before GC invocations=9 (full 1):
 PSYoungGen      total 134656K, used 134648K [0x00000000eb600000, 0x00000000f5800000, 0x0000000100000000)
  eden space 116736K, 100% used [0x00000000eb600000,0x00000000f2800000,0x00000000f2800000)
  from space 17920K, 99% used [0x00000000f2c80000,0x00000000f3dfe010,0x00000000f3e00000)
  to   space 24576K, 0% used [0x00000000f4000000,0x00000000f4000000,0x00000000f5800000)
 ParOldGen       total 70144K, used 35681K [0x00000000c2200000, 0x00000000c6680000, 0x00000000eb600000)
  object space 70144K, 50% used [0x00000000c2200000,0x00000000c44d86d0,0x00000000c6680000)
 Metaspace       used 6778K, capacity 7352K, committed 7680K, reserved 1056768K
  class space    used 649K, capacity 688K, committed 768K, reserved 1048576K
Event: 7.501 GC heap after
Heap after GC invocations=9 (full 1):
 PSYoungGen      total 132096K, used 24554K [0x00000000eb600000, 0x00000000f9b00000, 0x0000000100000000)
  eden space 107520K, 0% used [0x00000000eb600000,0x00000000eb600000,0x00000000f1f00000)
  from space 24576K, 99% used [0x00000000f4000000,0x00000000f57fa938,0x00000000f5800000)
  to   space 33792K, 0% used [0x00000000f1f00000,0x00000000f1f00000,0x00000000f4000000)
 ParOldGen       total 70144K, used 47130K [0x00000000c2200000, 0x00000000c6680000, 0x00000000eb600000)
  object space 70144K, 67% used [0x00000000c2200000,0x00000000c5006840,0x00000000c6680000)
 Metaspace       used 6778K, capacity 7352K, committed 7680K, reserved 1056768K
  class space    used 649K, capacity 688K, committed 768K, reserved 1048576K
}
Event: 9.092 GC heap before
{Heap before GC invocations=10 (full 1):
 PSYoungGen      total 132096K, used 132074K [0x00000000eb600000, 0x00000000f9b00000, 0x0000000100000000)
  eden space 107520K, 100% used [0x00000000eb600000,0x00000000f1f00000,0x00000000f1f00000)
  from space 24576K, 99% used [0x00000000f4000000,0x00000000f57fa938,0x00000000f5800000)
  to   space 33792K, 0% used [0x00000000f1f00000,0x00000000f1f00000,0x00000000f4000000)
 ParOldGen       total 70144K, used 47130K [0x00000000c2200000, 0x00000000c6680000, 0x00000000eb600000)
  object space 70144K, 67% used [0x00000000c2200000,0x00000000c5006840,0x00000000c6680000)
 Metaspace       used 6788K, capacity 7352K, committed 7680K, reserved 1056768K
  class space    used 649K, capacity 688K, committed 768K, reserved 1048576K
Event: 9.187 GC heap after
Heap after GC invocations=10 (full 1):
 PSYoungGen      total 141312K, used 33791K [0x00000000eb600000, 0x00000000f8d00000, 0x0000000100000000)
  eden space 107520K, 0% used [0x00000000eb600000,0x00000000eb600000,0x00000000f1f00000)
  from space 33792K, 99% used [0x00000000f1f00000,0x00000000f3fffd08,0x00000000f4000000)
  to   space 42496K, 0% used [0x00000000f6380000,0x00000000f6380000,0x00000000f8d00000)
 ParOldGen       total 70144K, used 54454K [0x00000000c2200000, 0x00000000c6680000, 0x00000000eb600000)
  object space 70144K, 77% used [0x00000000c2200000,0x00000000c572dad8,0x00000000c6680000)
 Metaspace       used 6788K, capacity 7352K, committed 7680K, reserved 1056768K
  class space    used 649K, capacity 688K, committed 768K, reserved 1048576K
}
Event: 10.950 GC heap before
{Heap before GC invocations=11 (full 1):
 PSYoungGen      total 141312K, used 141311K [0x00000000eb600000, 0x00000000f8d00000, 0x0000000100000000)
  eden space 107520K, 100% used [0x00000000eb600000,0x00000000f1f00000,0x00000000f1f00000)
  from space 33792K, 99% used [0x00000000f1f00000,0x00000000f3fffd08,0x00000000f4000000)
  to   space 42496K, 0% used [0x00000000f6380000,0x00000000f6380000,0x00000000f8d00000)
 ParOldGen       total 70144K, used 54454K [0x00000000c2200000, 0x00000000c6680000, 0x00000000eb600000)
  object space 70144K, 77% used [0x00000000c2200000,0x00000000c572dad8,0x00000000c6680000)
 Metaspace       used 6803K, capacity 7416K, committed 7680K, reserved 1056768K
  class space    used 649K, capacity 688K, committed 768K, reserved 1048576K
Event: 11.207 GC heap after
Heap after GC invocations=11 (full 1):
 PSYoungGen      total 167936K, used 42474K [0x00000000eb600000, 0x00000000fa400000, 0x0000000100000000)
  eden space 125440K, 0% used [0x00000000eb600000,0x00000000eb600000,0x00000000f3080000)
  from space 42496K, 99% used [0x00000000f6380000,0x00000000f8cfaaa8,0x00000000f8d00000)
  to   space 52224K, 0% used [0x00000000f3080000,0x00000000f3080000,0x00000000f6380000)
 ParOldGen       total 70144K, used 62360K [0x00000000c2200000, 0x00000000c6680000, 0x00000000eb600000)
  object space 70144K, 88% used [0x00000000c2200000,0x00000000c5ee63b0,0x00000000c6680000)
 Metaspace       used 6803K, capacity 7416K, committed 7680K, reserved 1056768K
  class space    used 649K, capacity 688K, committed 768K, reserved 1048576K
}
Event: 11.207 GC heap before
{Heap before GC invocations=12 (full 2):
 PSYoungGen      total 167936K, used 42474K [0x00000000eb600000, 0x00000000fa400000, 0x0000000100000000)
  eden space 125440K, 0% used [0x00000000eb600000,0x00000000eb600000,0x00000000f3080000)
  from space 42496K, 99% used [0x00000000f6380000,0x00000000f8cfaaa8,0x00000000f8d00000)
  to   space 52224K, 0% used [0x00000000f3080000,0x00000000f3080000,0x00000000f6380000)
 ParOldGen       total 70144K, used 62360K [0x00000000c2200000, 0x00000000c6680000, 0x00000000eb600000)
  object space 70144K, 88% used [0x00000000c2200000,0x00000000c5ee63b0,0x00000000c6680000)
 Metaspace       used 6803K, capacity 7416K, committed 7680K, reserved 1056768K
  class space    used 649K, capacity 688K, committed 768K, reserved 1048576K
Event: 12.178 GC heap after
Heap after GC invocations=12 (full 2):
 PSYoungGen      total 167936K, used 28485K [0x00000000eb600000, 0x00000000fa400000, 0x0000000100000000)
  eden space 125440K, 0% used [0x00000000eb600000,0x00000000eb600000,0x00000000f3080000)
  from space 42496K, 67% used [0x00000000f6380000,0x00000000f7f517a0,0x00000000f8d00000)
  to   space 52224K, 0% used [0x00000000f3080000,0x00000000f3080000,0x00000000f6380000)
 ParOldGen       total 126976K, used 70117K [0x00000000c2200000, 0x00000000c9e00000, 0x00000000eb600000)
  object space 126976K, 55% used [0x00000000c2200000,0x00000000c6679790,0x00000000c9e00000)
 Metaspace       used 6803K, capacity 7416K, committed 7680K, reserved 1056768K
  class space    used 649K, capacity 688K, committed 768K, reserved 1048576K
}
Event: 13.484 GC heap before
{Heap before GC invocations=13 (full 2):
 PSYoungGen      total 167936K, used 153925K [0x00000000eb600000, 0x00000000fa400000, 0x0000000100000000)
  eden space 125440K, 100% used [0x00000000eb600000,0x00000000f3080000,0x00000000f3080000)
  from space 42496K, 67% used [0x00000000f6380000,0x00000000f7f517a0,0x00000000f8d00000)
  to   space 52224K, 0% used [0x00000000f3080000,0x00000000f3080000,0x00000000f6380000)
 ParOldGen       total 126976K, used 70117K [0x00000000c2200000, 0x00000000c9e00000, 0x00000000eb600000)
  object space 126976K, 55% used [0x00000000c2200000,0x00000000c6679790,0x00000000c9e00000)
 Metaspace       used 6815K, capacity 7416K, committed 7680K, reserved 1056768K
  class space    used 650K, capacity 688K, committed 768K, reserved 1048576K
Event: 13.694 GC heap after
Heap after GC invocations=13 (full 2):
 PSYoungGen      total 177664K, used 36626K [0x00000000eb600000, 0x00000000fbc80000, 0x0000000100000000)
  eden space 125440K, 0% used [0x00000000eb600000,0x00000000eb600000,0x00000000f3080000)
  from space 52224K, 70% used [0x00000000f3080000,0x00000000f54449f0,0x00000000f6380000)
  to   space 54784K, 0% used [0x00000000f8700000,0x00000000f8700000,0x00000000fbc80000)
 ParOldGen       total 126976K, used 80435K [0x00000000c2200000, 0x00000000c9e00000, 0x00000000eb600000)
  object space 126976K, 63% used [0x00000000c2200000,0x00000000c708cfd0,0x00000000c9e00000)
 Metaspace       used 6815K, capacity 7416K, committed 7680K, reserved 1056768K
  class space    used 650K, capacity 688K, committed 768K, reserved 1048576K
}

